<?xml version="1.0" encoding="UTF-8"?>
<!-- Generated by org.testng.reporters.JUnitReportReporter -->
<testsuite hostname="Macbook-Pro.local" failures="0" tests="24" name="org.example.tests.NewsPageTest" time="-1683077760.000" errors="1" timestamp="2023-05-02T21:34:26 EDT" skipped="23">
  <testcase classname="org.example.tests.NewsPageTest" name="startUp" time="-1683077760.000">
    <error message="
Parameter &#039;browser&#039; is required by BeforeMethod on method startUp but has not been marked @Optional or defined
" type="org.testng.TestNGException">
      <![CDATA[org.testng.TestNGException: 
Parameter 'browser' is required by BeforeMethod on method startUp but has not been marked @Optional or defined

at org.testng.internal.Parameters.createParams(Parameters.java:267)
at org.testng.internal.Parameters.createParametersForMethod(Parameters.java:355)
at org.testng.internal.Parameters.createParameters(Parameters.java:684)
at org.testng.internal.Parameters.createConfigurationParameters(Parameters.java:166)
at org.testng.internal.invokers.ConfigInvoker.invokeConfigurations(ConfigInvoker.java:277)
at org.testng.internal.invokers.TestInvoker.runConfigMethods(TestInvoker.java:823)
at org.testng.internal.invokers.TestInvoker.invokeMethod(TestInvoker.java:590)
at org.testng.internal.invokers.TestInvoker.invokeTestMethod(TestInvoker.java:221)
at org.testng.internal.invokers.MethodRunner.runInSequence(MethodRunner.java:50)
at org.testng.internal.invokers.TestInvoker$MethodInvocationAgent.invoke(TestInvoker.java:969)
at org.testng.internal.invokers.TestInvoker.invokeTestMethods(TestInvoker.java:194)
at org.testng.internal.invokers.TestMethodWorker.invokeTestMethods(TestMethodWorker.java:148)
at org.testng.internal.invokers.TestMethodWorker.run(TestMethodWorker.java:128)
at java.base/java.util.ArrayList.forEach(ArrayList.java:1511)
at org.testng.TestRunner.privateRun(TestRunner.java:829)
at org.testng.TestRunner.run(TestRunner.java:602)
at org.testng.SuiteRunner.runTest(SuiteRunner.java:437)
at org.testng.SuiteRunner.runSequentially(SuiteRunner.java:431)
at org.testng.SuiteRunner.privateRun(SuiteRunner.java:391)
at org.testng.SuiteRunner.run(SuiteRunner.java:330)
at org.testng.SuiteRunnerWorker.runSuite(SuiteRunnerWorker.java:52)
at org.testng.SuiteRunnerWorker.run(SuiteRunnerWorker.java:95)
at org.testng.TestNG.runSuitesSequentially(TestNG.java:1256)
at org.testng.TestNG.runSuitesLocally(TestNG.java:1176)
at org.testng.TestNG.runSuites(TestNG.java:1099)
at org.testng.TestNG.run(TestNG.java:1067)
at org.apache.maven.surefire.testng.TestNGExecutor.run(TestNGExecutor.java:135)
at org.apache.maven.surefire.testng.TestNGDirectoryTestSuite.executeMulti(TestNGDirectoryTestSuite.java:193)
at org.apache.maven.surefire.testng.TestNGDirectoryTestSuite.execute(TestNGDirectoryTestSuite.java:94)
at org.apache.maven.surefire.testng.TestNGProvider.invoke(TestNGProvider.java:146)
at org.apache.maven.surefire.booter.ForkedBooter.invokeProviderInSameClassLoader(ForkedBooter.java:384)
at org.apache.maven.surefire.booter.ForkedBooter.runSuitesInProcess(ForkedBooter.java:345)
at org.apache.maven.surefire.booter.ForkedBooter.execute(ForkedBooter.java:126)
at org.apache.maven.surefire.booter.ForkedBooter.main(ForkedBooter.java:418)
]]>
    </error>
  </testcase> <!-- startUp -->
  <system-out/>
  <testcase classname="org.example.tests.NewsPageTest" name="validateTitlePage" time="0.000">
    <skipped/>
  </testcase> <!-- validateTitlePage -->
  <system-out/>
  <testcase classname="org.example.tests.NewsPageTest" name="topNewsList" time="0.000">
    <skipped/>
  </testcase> <!-- topNewsList -->
  <system-out/>
  <testcase classname="org.example.tests.NewsPageTest" name="handleNewTab" time="0.000">
    <skipped/>
  </testcase> <!-- handleNewTab -->
  <system-out/>
  <testcase classname="org.example.tests.NewsPageTest" name="dropDownMenu" time="0.000">
    <skipped/>
  </testcase> <!-- dropDownMenu -->
  <system-out/>
  <testcase classname="org.example.tests.NewsPageTest" name="dropDownMenuCertainOption" time="0.000">
    <skipped/>
  </testcase> <!-- dropDownMenuCertainOption -->
  <system-out/>
  <testcase classname="org.example.tests.NewsPageTest" name="sendTextWithOutSendMethod" time="0.000">
    <skipped/>
  </testcase> <!-- sendTextWithOutSendMethod -->
  <system-out/>
  <testcase classname="org.example.tests.NewsPageTest" name="highLightWebElement" time="0.000">
    <skipped/>
  </testcase> <!-- highLightWebElement -->
  <system-out/>
  <testcase classname="org.example.tests.NewsPageTest" name="loginActionsClick" time="0.000">
    <skipped/>
  </testcase> <!-- loginActionsClick -->
  <system-out/>
  <testcase classname="org.example.tests.NewsPageTest" name="loginSetGetCookies" time="0.000">
    <skipped/>
  </testcase> <!-- loginSetGetCookies -->
  <system-out/>
  <testcase classname="org.example.tests.NewsPageTest" name="stringBuffer" time="0.000">
    <skipped/>
  </testcase> <!-- stringBuffer -->
  <system-out/>
  <testcase classname="org.example.tests.NewsPageTest" name="disabledImages" time="0.000">
    <skipped/>
  </testcase> <!-- disabledImages -->
  <system-out/>
  <testcase classname="org.example.tests.NewsPageTest" name="dragAndDropClickHoldRelease" time="0.000">
    <skipped/>
  </testcase> <!-- dragAndDropClickHoldRelease -->
  <system-out/>
  <testcase classname="org.example.tests.NewsPageTest" name="dragAndDrop" time="0.000">
    <skipped/>
  </testcase> <!-- dragAndDrop -->
  <system-out/>
  <testcase classname="org.example.tests.NewsPageTest" name="dropDownLoop" time="0.000">
    <skipped/>
  </testcase> <!-- dropDownLoop -->
  <system-out/>
  <testcase classname="org.example.tests.NewsPageTest" name="dropDownSelectOption" time="0.000">
    <skipped/>
  </testcase> <!-- dropDownSelectOption -->
  <system-out/>
  <testcase classname="org.example.tests.NewsPageTest" name="mouseHoverTest" time="0.000">
    <skipped/>
  </testcase> <!-- mouseHoverTest -->
  <system-out/>
  <testcase classname="org.example.tests.NewsPageTest" name="handleJSAlertTest" time="0.000">
    <skipped/>
  </testcase> <!-- handleJSAlertTest -->
  <system-out/>
  <testcase classname="org.example.tests.NewsPageTest" name="handleScrollUpDown" time="0.000">
    <skipped/>
  </testcase> <!-- handleScrollUpDown -->
  <system-out/>
  <testcase classname="org.example.tests.NewsPageTest" name="doKeyboardAction" time="0.000">
    <skipped/>
  </testcase> <!-- doKeyboardAction -->
  <system-out/>
  <testcase classname="org.example.tests.NewsPageTest" name="doSauceDemo" time="0.000">
    <skipped/>
  </testcase> <!-- doSauceDemo -->
  <system-out/>
  <testcase classname="org.example.tests.NewsPageTest" name="generateExceptions" time="0.000">
    <skipped/>
  </testcase> <!-- generateExceptions -->
  <system-out/>
  <testcase classname="org.example.tests.NewsPageTest" name="findBrokenLinks" time="0.000">
    <skipped/>
  </testcase> <!-- findBrokenLinks -->
  <system-out/>
  <testcase classname="org.example.tests.NewsPageTest" name="findBrokenImages" time="0.000">
    <skipped/>
  </testcase> <!-- findBrokenImages -->
  <system-out/>
</testsuite> <!-- org.example.tests.NewsPageTest -->
